<?xml version="1.0" encoding="UTF-8"?>
<!-- Generated by org.testng.reporters.JUnitReportReporter -->
<testsuite hostname="hp" failures="0" tests="3" name="apractice.DataProviderTest" time="0.033" errors="0" timestamp="2023-07-09T15:29:38 IST" skipped="0">
  <testcase classname="apractice.DataProviderTest" name="bookTkt" time="0.002"/>
  <testcase classname="apractice.DataProviderTest" name="bookTkt" time="0.027"/>
  <testcase classname="apractice.DataProviderTest" name="bookTkt" time="0.004"/>
</testsuite> <!-- apractice.DataProviderTest -->
