<?xml version="1.0" encoding="UTF-8"?>
<!-- Generated by org.testng.reporters.JUnitReportReporter -->
<testsuite hostname="hp" failures="0" tests="1" name="usersPageTest.AddToCartTest" time="15.751" errors="0" timestamp="2023-07-11T09:55:59 IST" skipped="0">
  <testcase classname="usersPageTest.AddToCartTest" name="addToCart" time="15.751"/>
</testsuite> <!-- usersPageTest.AddToCartTest -->
