<?xml version="1.0" encoding="UTF-8"?>
<!-- Generated by org.testng.reporters.JUnitReportReporter -->
<testsuite hostname="hp" failures="0" tests="1" name="numberProgram.NumberPalindrome" time="0.010" errors="0" timestamp="2024-10-19T12:22:40 IST" skipped="0">
  <testcase classname="numberProgram.NumberPalindrome" name="test" time="0.010"/>
</testsuite> <!-- numberProgram.NumberPalindrome -->
