<?xml version="1.0" encoding="UTF-8"?>
<!-- Generated by org.testng.reporters.JUnitReportReporter -->
<testsuite hostname="hp" failures="0" tests="2" name="practice.Test2" time="0.011" errors="0" timestamp="2023-07-05T12:52:41 IST" skipped="0">
  <testcase classname="practice.Test2" name="test5" time="0.004"/>
  <system-out/>
  <testcase classname="practice.Test2" name="test10" time="0.007"/>
  <system-out/>
</testsuite> <!-- practice.Test2 -->
