<?xml version="1.0" encoding="UTF-8"?>
<!-- Generated by org.testng.reporters.JUnitReportReporter -->
<testsuite hostname="hp" failures="0" tests="8" name="apractice.ExcelDataProviderTest" time="0.036" errors="0" timestamp="2023-07-10T14:48:55 IST" skipped="0">
  <testcase classname="apractice.ExcelDataProviderTest" name="getData" time="0.005"/>
  <testcase classname="apractice.ExcelDataProviderTest" name="getData" time="0.008"/>
  <testcase classname="apractice.ExcelDataProviderTest" name="getData" time="0.001"/>
  <testcase classname="apractice.ExcelDataProviderTest" name="getData" time="0.005"/>
  <testcase classname="apractice.ExcelDataProviderTest" name="getData" time="0.002"/>
  <testcase classname="apractice.ExcelDataProviderTest" name="getData" time="0.005"/>
  <testcase classname="apractice.ExcelDataProviderTest" name="getData" time="0.002"/>
  <testcase classname="apractice.ExcelDataProviderTest" name="getData" time="0.008"/>
</testsuite> <!-- apractice.ExcelDataProviderTest -->
