<?xml version="1.0" encoding="UTF-8"?>
<!-- Generated by org.testng.reporters.JUnitReportReporter -->
<testsuite hostname="hp" failures="0" tests="1" name="userMouduleTest.AddToMenuTest" time="7.293" errors="0" timestamp="2023-07-11T15:12:45 IST" skipped="0">
  <testcase classname="userMouduleTest.AddToMenuTest" name="addToMenu" time="7.293"/>
</testsuite> <!-- userMouduleTest.AddToMenuTest -->
