<?xml version="1.0" encoding="UTF-8"?>
<!-- Generated by org.testng.reporters.JUnitReportReporter -->
<testsuite hostname="hp" failures="0" tests="1" name="StringPrograms.ReverseAWordInAString" time="0.008" errors="0" timestamp="2024-10-19T13:32:31 IST" skipped="0">
  <testcase classname="StringPrograms.ReverseAWordInAString" name="reverseWordInaString" time="0.008"/>
</testsuite> <!-- StringPrograms.ReverseAWordInAString -->
