<?xml version="1.0" encoding="UTF-8"?>
<!-- Generated by org.testng.reporters.JUnitReportReporter -->
<testsuite hostname="hp" failures="0" tests="2" name="apractice.SimpleDateFormater" time="0.097" errors="0" timestamp="2023-07-09T15:05:14 IST" skipped="0">
  <testcase classname="apractice.SimpleDateFormater" name="dateFormaterNext" time="0.084"/>
  <testcase classname="apractice.SimpleDateFormater" name="dateFormater" time="0.013"/>
</testsuite> <!-- apractice.SimpleDateFormater -->
