<?xml version="1.0" encoding="UTF-8"?>
<!-- Generated by org.testng.reporters.JUnitReportReporter -->
<testsuite hostname="hp" failures="0" tests="1" name="apractice.test4" time="19.613" errors="0" timestamp="2024-09-03T16:21:28 IST" skipped="0">
  <testcase classname="apractice.test4" name="handleMultipleWindow" time="19.613"/>
</testsuite> <!-- apractice.test4 -->
