<?xml version="1.0" encoding="UTF-8"?>
<!-- Generated by org.testng.reporters.JUnitReportReporter -->
<testsuite hostname="hp" failures="0" tests="4" name="practice.VerifyProjectIsCreated" time="0.605" errors="0" timestamp="2023-06-30T12:51:57 IST" skipped="0">
  <testcase classname="practice.VerifyProjectIsCreated" name="verifyProjectIsCreated" time="0.463"/>
  <system-out/>
  <testcase classname="practice.VerifyProjectIsCreated" name="fetchDataIntoDB" time="0.046"/>
  <system-out/>
  <testcase classname="practice.VerifyProjectIsCreated" name="insertDataIntoDB" time="0.063"/>
  <system-out/>
  <testcase classname="practice.VerifyProjectIsCreated" name="FetchDataIntoDATAbase" time="0.033"/>
  <system-out/>
</testsuite> <!-- practice.VerifyProjectIsCreated -->
