<?xml version="1.0" encoding="UTF-8"?>
<!-- Generated by org.testng.reporters.JUnitReportReporter -->
<testsuite hostname="hp" failures="0" tests="1" name="apractice.Test3" time="0.008" errors="0" timestamp="2023-07-12T15:33:57 IST" skipped="0">
  <testcase classname="apractice.Test3" name="test1" time="0.008"/>
</testsuite> <!-- apractice.Test3 -->
