<?xml version="1.0" encoding="UTF-8"?>
<!-- Generated by org.testng.reporters.JUnitReportReporter -->
<testsuite hostname="hp" failures="0" tests="1" name="apractice.SimpleDateFormater" time="0.053" errors="0" timestamp="2024-07-31T13:07:40 IST" skipped="0">
  <testcase classname="apractice.SimpleDateFormater" name="dateFormaterNext" time="0.053"/>
</testsuite> <!-- apractice.SimpleDateFormater -->
