<?xml version="1.0" encoding="UTF-8"?>
<!-- Generated by org.testng.reporters.JUnitReportReporter -->
<testsuite hostname="hp" failures="0" tests="1" name="javaPractice.Demo1" time="0.011" errors="0" timestamp="2024-10-30T13:00:21 IST" skipped="0">
  <testcase classname="javaPractice.Demo1" name="expandString" time="0.011"/>
</testsuite> <!-- javaPractice.Demo1 -->
