<?xml version="1.0" encoding="UTF-8"?>
<!-- Generated by org.testng.reporters.JUnitReportReporter -->
<testsuite hostname="hp" failures="0" tests="1" name="practice.UpdateUsersModuleTest" time="6.432" errors="0" timestamp="2023-07-06T11:03:14 IST" skipped="0">
  <testcase classname="practice.UpdateUsersModuleTest" name="updateUsersModuleTest" time="6.432"/>
</testsuite> <!-- practice.UpdateUsersModuleTest -->
