<?xml version="1.0" encoding="UTF-8"?>
<!-- Generated by org.testng.reporters.JUnitReportReporter -->
<testsuite hostname="hp" failures="0" tests="1" name="usersPageTest.UpdateUsersModuleTest" time="25.856" errors="0" timestamp="2023-07-07T17:51:30 IST" skipped="0">
  <testcase classname="usersPageTest.UpdateUsersModuleTest" name="updateUsersModuleTest" time="25.856"/>
</testsuite> <!-- usersPageTest.UpdateUsersModuleTest -->
