<?xml version="1.0" encoding="UTF-8"?>
<!-- Generated by org.testng.reporters.JUnitReportReporter -->
<testsuite hostname="hp" failures="0" tests="1" name="userMouduleTest.AddToMenuTest" time="8.148" errors="0" timestamp="2023-07-12T13:18:09 IST" skipped="0">
  <testcase classname="userMouduleTest.AddToMenuTest" name="addToMenu" time="8.148"/>
</testsuite> <!-- userMouduleTest.AddToMenuTest -->
