<?xml version="1.0" encoding="UTF-8"?>
<!-- Generated by org.testng.reporters.JUnitReportReporter -->
<testsuite hostname="hp" failures="0" tests="2" name="practice.SimpleDateFormater" time="0.059" errors="0" timestamp="2023-06-30T13:49:15 IST" skipped="0">
  <testcase classname="practice.SimpleDateFormater" name="dateFormaterNext" time="0.050"/>
  <system-out/>
  <testcase classname="practice.SimpleDateFormater" name="dateFormater" time="0.009"/>
  <system-out/>
</testsuite> <!-- practice.SimpleDateFormater -->
