<?xml version="1.0" encoding="UTF-8"?>
<!-- Generated by org.testng.reporters.JUnitReportReporter -->
<testsuite hostname="hp" failures="0" tests="1" name="numberProgram.NumberPalindrome" time="0.010" errors="0" timestamp="2024-09-04T13:56:10 IST" skipped="0">
  <testcase classname="numberProgram.NumberPalindrome" name="t" time="0.010"/>
</testsuite> <!-- numberProgram.NumberPalindrome -->
