<?xml version="1.0" encoding="UTF-8"?>
<!-- Generated by org.testng.reporters.JUnitReportReporter -->
<testsuite hostname="hp" failures="0" tests="1" name="naukri.uploadProfileToNaukri" time="22.072" errors="0" timestamp="2024-11-08T16:52:32 IST" skipped="0">
  <testcase classname="naukri.uploadProfileToNaukri" name="uploadCVonNaukri" time="22.072"/>
</testsuite> <!-- naukri.uploadProfileToNaukri -->
