<?xml version="1.0" encoding="UTF-8"?>
<!-- Generated by org.testng.reporters.JUnitReportReporter -->
<testsuite hostname="hp" failures="0" tests="3" name="practice.DataProviderTest" time="0.012" errors="0" timestamp="2023-07-06T13:19:22 IST" skipped="0">
  <testcase classname="practice.DataProviderTest" name="bookTkt" time="0.003"/>
  <testcase classname="practice.DataProviderTest" name="bookTkt" time="0.006"/>
  <testcase classname="practice.DataProviderTest" name="bookTkt" time="0.003"/>
</testsuite> <!-- practice.DataProviderTest -->
