<?xml version="1.0" encoding="UTF-8"?>
<!-- Generated by org.testng.reporters.JUnitReportReporter -->
<testsuite hostname="hp" failures="0" tests="1" name="javaPractice.test1" time="0.008" errors="0" timestamp="2024-11-05T16:06:59 IST" skipped="0">
  <testcase classname="javaPractice.test1" name="string" time="0.008"/>
</testsuite> <!-- javaPractice.test1 -->
