<?xml version="1.0" encoding="UTF-8"?>
<!-- Generated by org.testng.reporters.JUnitReportReporter -->
<testsuite hostname="hp" failures="0" tests="1" name="practice.Test1" time="2.052" errors="0" timestamp="2023-07-06T10:20:25 IST" skipped="0">
  <testcase classname="practice.Test1" name="print" time="2.052"/>
</testsuite> <!-- practice.Test1 -->
