<?xml version="1.0" encoding="UTF-8"?>
<!-- Generated by org.testng.reporters.JUnitReportReporter -->
<testsuite hostname="hp" failures="0" tests="1" name="userMouduleTest.AddToMenuTest" time="52.610" errors="0" timestamp="2023-07-07T17:51:30 IST" skipped="0">
  <testcase classname="userMouduleTest.AddToMenuTest" name="addToMenu" time="52.610"/>
</testsuite> <!-- userMouduleTest.AddToMenuTest -->
